<?xml version="1.0" encoding="UTF-8"?>
<testng-results ignored="0" total="1" passed="1" failed="0" skipped="0">
  <reporter-output>
  </reporter-output>
  <suite started-at="2026-01-09T07:45:11Z" name="Default suite" finished-at="2026-01-09T07:45:20Z" duration-ms="8883">
    <groups>
      <group name="cucumber">
        <method signature="AbstractTestNGCucumberTests.runScenario(cucumber.api.testng.PickleEventWrapper, cucumber.api.testng.CucumberFeatureWrapper)[pri:0, instance:mytestrunner.TestRunner@4470fbd6]" name="runScenario" class="cucumber.api.testng.AbstractTestNGCucumberTests"/>
      </group> <!-- cucumber -->
    </groups>
    <test started-at="2026-01-09T07:45:11Z" name="Default test" finished-at="2026-01-09T07:45:20Z" duration-ms="8883">
      <class name="mytestrunner.TestRunner">
        <test-method is-config="true" signature="setUpClass()[pri:0, instance:mytestrunner.TestRunner@4470fbd6]" started-at="2026-01-09T07:45:11Z" name="setUpClass" finished-at="2026-01-09T07:45:11Z" duration-ms="140" status="PASS">
          <reporter-output>
          </reporter-output>
        </test-method> <!-- setUpClass -->
        <test-method signature="runScenario(cucumber.api.testng.PickleEventWrapper, cucumber.api.testng.CucumberFeatureWrapper)[pri:0, instance:mytestrunner.TestRunner@4470fbd6]" started-at="2026-01-09T07:45:11Z" name="runScenario" description="Runs Cucumber Scenarios" data-provider="scenarios" finished-at="2026-01-09T07:45:20Z" duration-ms="8644" status="PASS">
          <params>
            <param index="0">
              <value>
                <![CDATA["Test the one way route"]]>
              </value>
            </param>
            <param index="1">
              <value>
                <![CDATA["Test the makemytrip application"]]>
              </value>
            </param>
          </params>
          <reporter-output>
          </reporter-output>
        </test-method> <!-- runScenario -->
        <test-method is-config="true" signature="tearDownClass()[pri:0, instance:mytestrunner.TestRunner@4470fbd6]" started-at="2026-01-09T07:45:20Z" name="tearDownClass" finished-at="2026-01-09T07:45:20Z" duration-ms="43" status="PASS">
          <reporter-output>
          </reporter-output>
        </test-method> <!-- tearDownClass -->
      </class> <!-- mytestrunner.TestRunner -->
    </test> <!-- Default test -->
  </suite> <!-- Default suite -->
</testng-results>
